{"D:\\Work\\Workstation\\HCMUT\\Mobile app\\Test\\SmartDebt\\app\\auth\\AuthScreen.tsx": {"path":"D:\\Work\\Workstation\\HCMUT\\Mobile app\\Test\\SmartDebt\\app\\auth\\AuthScreen.tsx","statementMap":{"0":{"start":{"line":15,"column":19},"end":{"line":15,"column":43}},"1":{"start":{"line":17,"column":19},"end":{"line":56,"column":1}},"2":{"start":{"line":18,"column":17},"end":{"line":18,"column":28}},"3":{"start":{"line":20,"column":22},"end":{"line":20,"column":61}},"4":{"start":{"line":20,"column":28},"end":{"line":20,"column":61}},"5":{"start":{"line":21,"column":25},"end":{"line":21,"column":67}},"6":{"start":{"line":21,"column":31},"end":{"line":21,"column":67}},"7":{"start":{"line":23,"column":2},"end":{"line":55,"column":4}},"8":{"start":{"line":58,"column":15},"end":{"line":128,"column":2}}},"fnMap":{"0":{"name":"(anonymous_0)","decl":{"start":{"line":17,"column":19},"end":{"line":17,"column":20}},"loc":{"start":{"line":17,"column":25},"end":{"line":56,"column":1}},"line":17},"1":{"name":"(anonymous_1)","decl":{"start":{"line":20,"column":22},"end":{"line":20,"column":23}},"loc":{"start":{"line":20,"column":28},"end":{"line":20,"column":61}},"line":20},"2":{"name":"(anonymous_2)","decl":{"start":{"line":21,"column":25},"end":{"line":21,"column":26}},"loc":{"start":{"line":21,"column":31},"end":{"line":21,"column":67}},"line":21}},"branchMap":{},"s":{"0":1,"1":1,"2":3,"3":3,"4":1,"5":3,"6":0,"7":3,"8":1},"f":{"0":3,"1":1,"2":0},"b":{},"_coverageSchema":"1a1c01bbd47fc00a2c39e90264f33305004495a9","hash":"8ef96bb1fbeefcf9c0a68e1e04bdf68b050cfd0b"}
,"D:\\Work\\Workstation\\HCMUT\\Mobile app\\Test\\SmartDebt\\constants\\theme.ts": {"path":"D:\\Work\\Workstation\\HCMUT\\Mobile app\\Test\\SmartDebt\\constants\\theme.ts","statementMap":{"0":{"start":{"line":3,"column":22},"end":{"line":12,"column":1}},"1":{"start":{"line":14,"column":24},"end":{"line":26,"column":1}},"2":{"start":{"line":28,"column":24},"end":{"line":43,"column":1}},"3":{"start":{"line":45,"column":22},"end":{"line":54,"column":1}}},"fnMap":{},"branchMap":{},"s":{"0":1,"1":1,"2":1,"3":1},"f":{},"b":{},"_coverageSchema":"1a1c01bbd47fc00a2c39e90264f33305004495a9","hash":"1f7eeb4081399c6e0416406a4b766e5ea4f40c24"}
,"D:\\Work\\Workstation\\HCMUT\\Mobile app\\Test\\SmartDebt\\utils\\stylings.ts": {"path":"D:\\Work\\Workstation\\HCMUT\\Mobile app\\Test\\SmartDebt\\utils\\stylings.ts","statementMap":{"0":{"start":{"line":3,"column":55},"end":{"line":3,"column":79}},"1":{"start":{"line":6,"column":2},"end":{"line":8,"column":35}},"2":{"start":{"line":10,"column":27},"end":{"line":10,"column":30}},"3":{"start":{"line":11,"column":28},"end":{"line":11,"column":31}},"4":{"start":{"line":13,"column":21},"end":{"line":14,"column":104}},"5":{"start":{"line":14,"column":4},"end":{"line":14,"column":104}},"6":{"start":{"line":16,"column":29},"end":{"line":17,"column":104}},"7":{"start":{"line":17,"column":4},"end":{"line":17,"column":104}}},"fnMap":{"0":{"name":"(anonymous_0)","decl":{"start":{"line":13,"column":21},"end":{"line":13,"column":22}},"loc":{"start":{"line":14,"column":4},"end":{"line":14,"column":104}},"line":14},"1":{"name":"(anonymous_1)","decl":{"start":{"line":16,"column":29},"end":{"line":16,"column":30}},"loc":{"start":{"line":17,"column":4},"end":{"line":17,"column":104}},"line":17}},"branchMap":{"0":{"loc":{"start":{"line":6,"column":2},"end":{"line":8,"column":35}},"type":"cond-expr","locations":[{"start":{"line":7,"column":6},"end":{"line":7,"column":35}},{"start":{"line":8,"column":6},"end":{"line":8,"column":35}}],"line":6}},"s":{"0":1,"1":1,"2":1,"3":1,"4":1,"5":16,"6":1,"7":22},"f":{"0":16,"1":22},"b":{"0":[1,0]},"_coverageSchema":"1a1c01bbd47fc00a2c39e90264f33305004495a9","hash":"d1afd0ea9ee6c29fb7f8e74ded4e024ef724b360"}
}
